==========Thu Dec 8 06:25:23 CET 2016==========
||                                           ||
||    Renewing Let's Encrypt Certificates    ||
||                                           ||
===============================================
Processing /etc/letsencrypt/renewal/s1mplescripts.de.conf

The following certs are not due for renewal yet:
  /etc/letsencrypt/live/s1mplescripts.de/fullchain.pem (skipped)
No renewals were attempted.



==========Fri Dec 9 06:25:30 CET 2016==========
||                                           ||
||    Renewing Let's Encrypt Certificates    ||
||                                           ||
===============================================
Processing /etc/letsencrypt/renewal/s1mplescripts.de.conf

The following certs are not due for renewal yet:
  /etc/letsencrypt/live/s1mplescripts.de/fullchain.pem (skipped)
No renewals were attempted.



==========Sat Dec 10 06:25:13 CET 2016==========
||                                           ||
||    Renewing Let's Encrypt Certificates    ||
||                                           ||
===============================================
Processing /etc/letsencrypt/renewal/s1mplescripts.de.conf

The following certs are not due for renewal yet:
  /etc/letsencrypt/live/s1mplescripts.de/fullchain.pem (skipped)
No renewals were attempted.



==========Sun Dec 11 06:25:16 CET 2016==========
||                                           ||
||    Renewing Let's Encrypt Certificates    ||
||                                           ||
===============================================
Processing /etc/letsencrypt/renewal/s1mplescripts.de.conf

The following certs are not due for renewal yet:
  /etc/letsencrypt/live/s1mplescripts.de/fullchain.pem (skipped)
No renewals were attempted.



==========Mon Dec 12 06:25:14 CET 2016==========
||                                           ||
||    Renewing Let's Encrypt Certificates    ||
||                                           ||
===============================================
Processing /etc/letsencrypt/renewal/s1mplescripts.de.conf

The following certs are not due for renewal yet:
  /etc/letsencrypt/live/s1mplescripts.de/fullchain.pem (skipped)
No renewals were attempted.



==========Tue Dec 13 06:25:19 CET 2016==========
||                                           ||
||    Renewing Let's Encrypt Certificates    ||
||                                           ||
===============================================
Processing /etc/letsencrypt/renewal/s1mplescripts.de.conf

The following certs are not due for renewal yet:
  /etc/letsencrypt/live/s1mplescripts.de/fullchain.pem (skipped)
No renewals were attempted.



==========Wed Dec 14 06:25:26 CET 2016==========
||                                           ||
||    Renewing Let's Encrypt Certificates    ||
||                                           ||
===============================================
Processing /etc/letsencrypt/renewal/s1mplescripts.de.conf

The following certs are not due for renewal yet:
  /etc/letsencrypt/live/s1mplescripts.de/fullchain.pem (skipped)
No renewals were attempted.



==========Thu Dec 15 06:25:41 CET 2016==========
||                                           ||
||    Renewing Let's Encrypt Certificates    ||
||                                           ||
===============================================
Processing /etc/letsencrypt/renewal/s1mplescripts.de.conf

The following certs are not due for renewal yet:
  /etc/letsencrypt/live/s1mplescripts.de/fullchain.pem (skipped)
No renewals were attempted.



==========Fri Dec 16 06:25:16 CET 2016==========
||                                           ||
||    Renewing Let's Encrypt Certificates    ||
||                                           ||
===============================================
Processing /etc/letsencrypt/renewal/s1mplescripts.de.conf

The following certs are not due for renewal yet:
  /etc/letsencrypt/live/s1mplescripts.de/fullchain.pem (skipped)
No renewals were attempted.



==========Sat Dec 17 06:25:15 CET 2016==========
||                                           ||
||    Renewing Let's Encrypt Certificates    ||
||                                           ||
===============================================
Processing /etc/letsencrypt/renewal/s1mplescripts.de.conf

The following certs are not due for renewal yet:
  /etc/letsencrypt/live/s1mplescripts.de/fullchain.pem (skipped)
No renewals were attempted.



==========Sun Dec 18 06:25:15 CET 2016==========
||                                           ||
||    Renewing Let's Encrypt Certificates    ||
||                                           ||
===============================================
Processing /etc/letsencrypt/renewal/s1mplescripts.de.conf

The following certs are not due for renewal yet:
  /etc/letsencrypt/live/s1mplescripts.de/fullchain.pem (skipped)
No renewals were attempted.



==========Mon Dec 19 06:25:14 CET 2016==========
||                                           ||
||    Renewing Let's Encrypt Certificates    ||
||                                           ||
===============================================
Processing /etc/letsencrypt/renewal/s1mplescripts.de.conf

The following certs are not due for renewal yet:
  /etc/letsencrypt/live/s1mplescripts.de/fullchain.pem (skipped)
No renewals were attempted.



==========Tue Dec 20 06:25:32 CET 2016==========
||                                           ||
||    Renewing Let's Encrypt Certificates    ||
||                                           ||
===============================================
Processing /etc/letsencrypt/renewal/s1mplescripts.de.conf

The following certs are not due for renewal yet:
  /etc/letsencrypt/live/s1mplescripts.de/fullchain.pem (skipped)
No renewals were attempted.



==========Wed Dec 21 06:25:33 CET 2016==========
||                                           ||
||    Renewing Let's Encrypt Certificates    ||
||                                           ||
===============================================
Processing /etc/letsencrypt/renewal/s1mplescripts.de.conf

The following certs are not due for renewal yet:
  /etc/letsencrypt/live/s1mplescripts.de/fullchain.pem (skipped)
No renewals were attempted.



==========Thu Dec 22 06:25:17 CET 2016==========
||                                           ||
||    Renewing Let's Encrypt Certificates    ||
||                                           ||
===============================================
Processing /etc/letsencrypt/renewal/s1mplescripts.de.conf

The following certs are not due for renewal yet:
  /etc/letsencrypt/live/s1mplescripts.de/fullchain.pem (skipped)
No renewals were attempted.



==========Fri Dec 23 06:25:15 CET 2016==========
||                                           ||
||    Renewing Let's Encrypt Certificates    ||
||                                           ||
===============================================
Processing /etc/letsencrypt/renewal/s1mplescripts.de.conf

The following certs are not due for renewal yet:
  /etc/letsencrypt/live/s1mplescripts.de/fullchain.pem (skipped)
No renewals were attempted.



==========Sat Dec 24 06:25:15 CET 2016==========
||                                           ||
||    Renewing Let's Encrypt Certificates    ||
||                                           ||
===============================================
Processing /etc/letsencrypt/renewal/s1mplescripts.de.conf

The following certs are not due for renewal yet:
  /etc/letsencrypt/live/s1mplescripts.de/fullchain.pem (skipped)
No renewals were attempted.



==========Sun Dec 25 06:25:16 CET 2016==========
||                                           ||
||    Renewing Let's Encrypt Certificates    ||
||                                           ||
===============================================
Processing /etc/letsencrypt/renewal/s1mplescripts.de.conf

The following certs are not due for renewal yet:
  /etc/letsencrypt/live/s1mplescripts.de/fullchain.pem (skipped)
No renewals were attempted.



==========Mon Dec 26 06:25:16 CET 2016==========
||                                           ||
||    Renewing Let's Encrypt Certificates    ||
||                                           ||
===============================================
Processing /etc/letsencrypt/renewal/s1mplescripts.de.conf

The following certs are not due for renewal yet:
  /etc/letsencrypt/live/s1mplescripts.de/fullchain.pem (skipped)
No renewals were attempted.



==========Tue Dec 27 06:25:16 CET 2016==========
||                                           ||
||    Renewing Let's Encrypt Certificates    ||
||                                           ||
===============================================
Processing /etc/letsencrypt/renewal/s1mplescripts.de.conf

The following certs are not due for renewal yet:
  /etc/letsencrypt/live/s1mplescripts.de/fullchain.pem (skipped)
No renewals were attempted.



==========Wed Dec 28 06:25:13 CET 2016==========
||                                           ||
||    Renewing Let's Encrypt Certificates    ||
||                                           ||
===============================================
Processing /etc/letsencrypt/renewal/s1mplescripts.de.conf

The following certs are not due for renewal yet:
  /etc/letsencrypt/live/s1mplescripts.de/fullchain.pem (skipped)
No renewals were attempted.



==========Thu Dec 29 06:25:15 CET 2016==========
||                                           ||
||    Renewing Let's Encrypt Certificates    ||
||                                           ||
===============================================
Processing /etc/letsencrypt/renewal/s1mplescripts.de.conf

The following certs are not due for renewal yet:
  /etc/letsencrypt/live/s1mplescripts.de/fullchain.pem (skipped)
No renewals were attempted.



==========Fri Dec 30 06:25:16 CET 2016==========
||                                           ||
||    Renewing Let's Encrypt Certificates    ||
||                                           ||
===============================================
Processing /etc/letsencrypt/renewal/s1mplescripts.de.conf

The following certs are not due for renewal yet:
  /etc/letsencrypt/live/s1mplescripts.de/fullchain.pem (skipped)
No renewals were attempted.



==========Sat Dec 31 06:25:18 CET 2016==========
||                                           ||
||    Renewing Let's Encrypt Certificates    ||
||                                           ||
===============================================
Processing /etc/letsencrypt/renewal/s1mplescripts.de.conf

The following certs are not due for renewal yet:
  /etc/letsencrypt/live/s1mplescripts.de/fullchain.pem (skipped)
No renewals were attempted.



==========Sun Jan 1 06:25:17 CET 2017==========
||                                           ||
||    Renewing Let's Encrypt Certificates    ||
||                                           ||
===============================================
Processing /etc/letsencrypt/renewal/s1mplescripts.de.conf

The following certs are not due for renewal yet:
  /etc/letsencrypt/live/s1mplescripts.de/fullchain.pem (skipped)
No renewals were attempted.



==========Mon Jan 2 06:25:16 CET 2017==========
||                                           ||
||    Renewing Let's Encrypt Certificates    ||
||                                           ||
===============================================
Processing /etc/letsencrypt/renewal/s1mplescripts.de.conf

The following certs are not due for renewal yet:
  /etc/letsencrypt/live/s1mplescripts.de/fullchain.pem (skipped)
No renewals were attempted.



==========Tue Jan 3 06:25:17 CET 2017==========
||                                           ||
||    Renewing Let's Encrypt Certificates    ||
||                                           ||
===============================================
Processing /etc/letsencrypt/renewal/s1mplescripts.de.conf

The following certs are not due for renewal yet:
  /etc/letsencrypt/live/s1mplescripts.de/fullchain.pem (skipped)
No renewals were attempted.



==========Wed Jan 4 06:25:29 CET 2017==========
||                                           ||
||    Renewing Let's Encrypt Certificates    ||
||                                           ||
===============================================
Processing /etc/letsencrypt/renewal/s1mplescripts.de.conf

The following certs are not due for renewal yet:
  /etc/letsencrypt/live/s1mplescripts.de/fullchain.pem (skipped)
No renewals were attempted.



==========Thu Jan 5 06:25:16 CET 2017==========
||                                           ||
||    Renewing Let's Encrypt Certificates    ||
||                                           ||
===============================================
Processing /etc/letsencrypt/renewal/s1mplescripts.de.conf

The following certs are not due for renewal yet:
  /etc/letsencrypt/live/s1mplescripts.de/fullchain.pem (skipped)
No renewals were attempted.



==========Fri Jan 6 06:25:26 CET 2017==========
||                                           ||
||    Renewing Let's Encrypt Certificates    ||
||                                           ||
===============================================
Processing /etc/letsencrypt/renewal/s1mplescripts.de.conf

The following certs are not due for renewal yet:
  /etc/letsencrypt/live/s1mplescripts.de/fullchain.pem (skipped)
No renewals were attempted.



==========Sat Jan 7 06:25:16 CET 2017==========
||                                           ||
||    Renewing Let's Encrypt Certificates    ||
||                                           ||
===============================================
Processing /etc/letsencrypt/renewal/s1mplescripts.de.conf

The following certs are not due for renewal yet:
  /etc/letsencrypt/live/s1mplescripts.de/fullchain.pem (skipped)
No renewals were attempted.



==========Sun Jan 8 06:25:17 CET 2017==========
||                                           ||
||    Renewing Let's Encrypt Certificates    ||
||                                           ||
===============================================
Processing /etc/letsencrypt/renewal/s1mplescripts.de.conf

The following certs are not due for renewal yet:
  /etc/letsencrypt/live/s1mplescripts.de/fullchain.pem (skipped)
No renewals were attempted.



==========Mon Jan 9 06:25:15 CET 2017==========
||                                           ||
||    Renewing Let's Encrypt Certificates    ||
||                                           ||
===============================================
Processing /etc/letsencrypt/renewal/s1mplescripts.de.conf

The following certs are not due for renewal yet:
  /etc/letsencrypt/live/s1mplescripts.de/fullchain.pem (skipped)
No renewals were attempted.



==========Tue Jan 10 06:25:15 CET 2017==========
||                                           ||
||    Renewing Let's Encrypt Certificates    ||
||                                           ||
===============================================
Processing /etc/letsencrypt/renewal/s1mplescripts.de.conf

The following certs are not due for renewal yet:
  /etc/letsencrypt/live/s1mplescripts.de/fullchain.pem (skipped)
No renewals were attempted.



==========Wed Jan 11 06:25:25 CET 2017==========
||                                           ||
||    Renewing Let's Encrypt Certificates    ||
||                                           ||
===============================================
Processing /etc/letsencrypt/renewal/s1mplescripts.de.conf

The following certs are not due for renewal yet:
  /etc/letsencrypt/live/s1mplescripts.de/fullchain.pem (skipped)
No renewals were attempted.



==========Thu Jan 12 06:25:47 CET 2017==========
||                                           ||
||    Renewing Let's Encrypt Certificates    ||
||                                           ||
===============================================
Processing /etc/letsencrypt/renewal/s1mplescripts.de.conf

The following certs are not due for renewal yet:
  /etc/letsencrypt/live/s1mplescripts.de/fullchain.pem (skipped)
No renewals were attempted.



==========Fri Jan 13 06:25:30 CET 2017==========
||                                           ||
||    Renewing Let's Encrypt Certificates    ||
||                                           ||
===============================================
Processing /etc/letsencrypt/renewal/s1mplescripts.de.conf

The following certs are not due for renewal yet:
  /etc/letsencrypt/live/s1mplescripts.de/fullchain.pem (skipped)
No renewals were attempted.



==========Sat Jan 14 06:25:14 CET 2017==========
||                                           ||
||    Renewing Let's Encrypt Certificates    ||
||                                           ||
===============================================
Processing /etc/letsencrypt/renewal/s1mplescripts.de.conf

The following certs are not due for renewal yet:
  /etc/letsencrypt/live/s1mplescripts.de/fullchain.pem (skipped)
No renewals were attempted.



